Logfile initialized
[INFO] logfile = /Users/funcatemobile/Dropbox/Source Codes/OnibusSJC/onibusMobileSJC/Workspace/OnibusSjc/build.log
[DEBUG] /Users/funcatemobile/Library/Application Support/Titanium/mobilesdk/osx/2.1.1.GA/android/builder.py simulator OnibusSjc /Users/funcatemobile/Documents/Desenvolvimento/android-sdk-macosx /Users/funcatemobile/Dropbox/Source Codes/OnibusSJC/onibusMobileSJC/Workspace/OnibusSjc br.com.onibus 5 HVGA 
[INFO] Building OnibusSjc for Android ... one moment
[INFO] Titanium SDK version: 2.1.1 (07/27/12 14:01 0fd84a2)
[DEBUG] Waiting for device to be ready ...
[TRACE] adb devices returned 2 devices/emulators
[DEBUG] Device connected... (waited 0 seconds)
[DEBUG] waited 0.015989 seconds on emulator to get ready
[DEBUG] br.com.onibus installed? True
[INFO] Fastdev server running, deploying in Fastdev mode
[INFO] Copying CommonJS modules...
[INFO] Copying project resources..
[TRACE] COPYING MODIFIED FILE: /Users/funcatemobile/Dropbox/Source Codes/OnibusSJC/onibusMobileSJC/Workspace/OnibusSjc/Resources/ui/common/2-ListBus.js => /Users/funcatemobile/Dropbox/Source Codes/OnibusSJC/onibusMobileSJC/Workspace/OnibusSjc/build/android/bin/assets/Resources/ui/common/2-ListBus.js
[INFO] Tiapp.xml unchanged, skipping class generation
[DEBUG] Processing Android resource drawables
[DEBUG] found drawable-long-land-hdpi splash screen at /Users/funcatemobile/Dropbox/Source Codes/OnibusSJC/onibusMobileSJC/Workspace/OnibusSjc/Resources/android/images/res-long-land-hdpi/default.png
[DEBUG] found drawable-long-land-ldpi splash screen at /Users/funcatemobile/Dropbox/Source Codes/OnibusSJC/onibusMobileSJC/Workspace/OnibusSjc/Resources/android/images/res-long-land-ldpi/default.png
[DEBUG] found drawable-long-port-hdpi splash screen at /Users/funcatemobile/Dropbox/Source Codes/OnibusSJC/onibusMobileSJC/Workspace/OnibusSjc/Resources/android/images/res-long-port-hdpi/default.png
[DEBUG] found drawable-long-port-ldpi splash screen at /Users/funcatemobile/Dropbox/Source Codes/OnibusSJC/onibusMobileSJC/Workspace/OnibusSjc/Resources/android/images/res-long-port-ldpi/default.png
[DEBUG] found drawable-notlong-land-hdpi splash screen at /Users/funcatemobile/Dropbox/Source Codes/OnibusSJC/onibusMobileSJC/Workspace/OnibusSjc/Resources/android/images/res-notlong-land-hdpi/default.png
[DEBUG] found drawable-notlong-land-ldpi splash screen at /Users/funcatemobile/Dropbox/Source Codes/OnibusSJC/onibusMobileSJC/Workspace/OnibusSjc/Resources/android/images/res-notlong-land-ldpi/default.png
[DEBUG] found drawable-notlong-land-mdpi splash screen at /Users/funcatemobile/Dropbox/Source Codes/OnibusSJC/onibusMobileSJC/Workspace/OnibusSjc/Resources/android/images/res-notlong-land-mdpi/default.png
[DEBUG] found drawable-notlong-port-hdpi splash screen at /Users/funcatemobile/Dropbox/Source Codes/OnibusSJC/onibusMobileSJC/Workspace/OnibusSjc/Resources/android/images/res-notlong-port-hdpi/default.png
[DEBUG] found drawable-notlong-port-ldpi splash screen at /Users/funcatemobile/Dropbox/Source Codes/OnibusSJC/onibusMobileSJC/Workspace/OnibusSjc/Resources/android/images/res-notlong-port-ldpi/default.png
[DEBUG] found drawable-notlong-port-mdpi splash screen at /Users/funcatemobile/Dropbox/Source Codes/OnibusSJC/onibusMobileSJC/Workspace/OnibusSjc/Resources/android/images/res-notlong-port-mdpi/default.png
[INFO] Waiting for SDCard to become available..
[INFO] Re-launching application ... OnibusSjc
[INFO] Launching application ... OnibusSjc
[TRACE] Launch output: Starting: Intent { act=android.intent.action.MAIN cat=[android.intent.category.LAUNCHER] cmp=br.com.onibus/.OnibussjcActivity }
Warning: Activity not started, its current task has been brought to the front

[INFO] Android Emulator has exited
